ISim log file
Running: F:\STEE_PROJ\CONV\OpalKelly3010_Verilog_CNN\working_dir\tb_clk_pulse_shift_isim_beh.exe -intstyle ise -gui -tclbatch isim.cmd -wdb F:/STEE_PROJ/CONV/OpalKelly3010_Verilog_CNN/working_dir/tb_clk_pulse_shift_isim_beh.wdb 
ISim P.20131013 (signature 0x7708f090)
This is a Full version of ISim.
Time resolution is 1 ps
# onerror resume
# wave add /
# run 1000 ns
Simulator is doing circuit initialization process.
Finished circuit initialization process.
ISim P.20131013 (signature 0x7708f090)
This is a Full version of ISim.
# run 1000 ns
Simulator is doing circuit initialization process.
Finished circuit initialization process.
ISim P.20131013 (signature 0x7708f090)
This is a Full version of ISim.
# run 1000 ns
Simulator is doing circuit initialization process.
Finished circuit initialization process.
ISim P.20131013 (signature 0x7708f090)
This is a Full version of ISim.
# run 1000 ns
Simulator is doing circuit initialization process.
Finished circuit initialization process.
ISim P.20131013 (signature 0x7708f090)
This is a Full version of ISim.
# run 1000 ns
Simulator is doing circuit initialization process.
Finished circuit initialization process.
ISim P.20131013 (signature 0x7708f090)
This is a Full version of ISim.
# run 1000 ns
Simulator is doing circuit initialization process.
Finished circuit initialization process.
ISim P.20131013 (signature 0x7708f090)
This is a Full version of ISim.
# run 1000 ns
Simulator is doing circuit initialization process.
Finished circuit initialization process.
ISim P.20131013 (signature 0x7708f090)
This is a Full version of ISim.
# run 1000 ns
Simulator is doing circuit initialization process.
Finished circuit initialization process.
ISim P.20131013 (signature 0x7708f090)
This is a Full version of ISim.
# run 1000 ns
Simulator is doing circuit initialization process.
Finished circuit initialization process.
ISim P.20131013 (signature 0x7708f090)
This is a Full version of ISim.
# run 1000 ns
Simulator is doing circuit initialization process.
Finished circuit initialization process.
